<?xml version="1.0" encoding="UTF-8"?>
<!-- Generated by org.testng.reporters.JUnitReportReporter -->
<testsuite hostname="MSI" failures="0" tests="7" name="com.simplilearn.demo.FlipkartTestEdge" time="39.116" errors="0" timestamp="2022-10-12T13:09:52 IST" skipped="0">
  <testcase classname="com.simplilearn.demo.FlipkartTestEdge" name="closeLogin" time="1.163"/>
  <system-out/>
  <testcase classname="com.simplilearn.demo.FlipkartTestEdge" name="scroll" time="6.108"/>
  <system-out/>
  <testcase classname="com.simplilearn.demo.FlipkartTestEdge" name="searchProduct" time="5.587"/>
  <system-out/>
  <testcase classname="com.simplilearn.demo.FlipkartTestEdge" name="loadImage" time="16.516"/>
  <system-out/>
  <testcase classname="com.simplilearn.demo.FlipkartTestEdge" name="scrollFrequency" time="2.074"/>
  <system-out/>
  <testcase classname="com.simplilearn.demo.FlipkartTestEdge" name="downloadImages" time="0.029"/>
  <system-out/>
  <testcase classname="com.simplilearn.demo.FlipkartTestEdge" name="screenResolution" time="7.639"/>
  <system-out/>
</testsuite> <!-- com.simplilearn.demo.FlipkartTestEdge -->
