<?xml version="1.0" encoding="UTF-8"?>
<!-- Generated by org.testng.reporters.JUnitReportReporter -->
<testsuite hostname="MSI" failures="0" tests="7" name="com.simplilearn.demo.FlipkartTestChrome" time="38.169" errors="0" timestamp="2022-10-12T13:09:52 IST" skipped="0">
  <testcase classname="com.simplilearn.demo.FlipkartTestChrome" name="closeLogin" time="1.143"/>
  <system-out/>
  <testcase classname="com.simplilearn.demo.FlipkartTestChrome" name="scroll" time="6.117"/>
  <system-out/>
  <testcase classname="com.simplilearn.demo.FlipkartTestChrome" name="searchProduct" time="5.532"/>
  <system-out/>
  <testcase classname="com.simplilearn.demo.FlipkartTestChrome" name="loadImage" time="15.558"/>
  <system-out/>
  <testcase classname="com.simplilearn.demo.FlipkartTestChrome" name="scrollFrequency" time="2.093"/>
  <system-out/>
  <testcase classname="com.simplilearn.demo.FlipkartTestChrome" name="downloadImages" time="0.059"/>
  <system-out/>
  <testcase classname="com.simplilearn.demo.FlipkartTestChrome" name="screenResolution" time="7.667"/>
  <system-out/>
</testsuite> <!-- com.simplilearn.demo.FlipkartTestChrome -->
